<?xml version="1.0" encoding="UTF-8"?>
<!-- Generated by org.testng.reporters.JUnitReportReporter -->
<testsuite hostname="DESKTOP-TLCVSP6" failures="0" tests="1" name="pack1.Lab9_2_TestNG" time="24.739" errors="0" timestamp="2025-08-19T14:33:58 IST" skipped="0">
  <testcase classname="pack1.Lab9_2_TestNG" name="test2" time="24.739"/>
</testsuite> <!-- pack1.Lab9_2_TestNG -->
