<?xml version="1.0" encoding="UTF-8"?>
<!-- Generated by org.testng.reporters.JUnitReportReporter -->
<testsuite hostname="DESKTOP-TLCVSP6" failures="0" tests="3" name="pack1.Lab14_TestNG" time="68.221" errors="0" timestamp="2025-08-21T12:29:47 IST" skipped="0">
  <testcase classname="pack1.Lab14_TestNG" name="f" time="24.328"/>
  <testcase classname="pack1.Lab14_TestNG" name="f" time="15.562"/>
  <testcase classname="pack1.Lab14_TestNG" name="f" time="28.331"/>
</testsuite> <!-- pack1.Lab14_TestNG -->
