<?xml version="1.0" encoding="UTF-8"?>
<!-- Generated by org.testng.reporters.JUnitReportReporter -->
<testsuite hostname="DESKTOP-TLCVSP6" failures="0" tests="2" name="pack1.Lab8_4TestNG" time="26.544" errors="0" timestamp="2025-08-19T07:42:36 IST" skipped="0">
  <testcase classname="pack1.Lab8_4TestNG" name="f" time="18.646"/>
  <testcase classname="pack1.Lab8_4TestNG" name="f" time="7.898"/>
</testsuite> <!-- pack1.Lab8_4TestNG -->
