<?xml version="1.0" encoding="UTF-8"?>
<!-- Generated by org.testng.reporters.JUnitReportReporter -->
<testsuite hostname="DESKTOP-TLCVSP6" failures="0" tests="1" name="com.questions.Question2" time="1.478" errors="0" timestamp="2025-08-26T12:26:21 IST" skipped="0">
  <testcase classname="com.questions.Question2" name="login" time="1.478"/>
</testsuite> <!-- com.questions.Question2 -->
