<?xml version="1.0" encoding="UTF-8"?>
<!-- Generated by org.testng.reporters.JUnitReportReporter -->
<testsuite hostname="DESKTOP-TLCVSP6" failures="0" tests="1" name="com.questions.Question5" time="5.394" errors="0" timestamp="2025-08-26T16:06:26 IST" skipped="0">
  <testcase classname="com.questions.Question5" name="handleAlret" time="5.394"/>
</testsuite> <!-- com.questions.Question5 -->
