<?xml version="1.0" encoding="UTF-8"?>
<!-- Generated by org.testng.reporters.JUnitReportReporter -->
<testsuite hostname="DESKTOP-TLCVSP6" failures="0" tests="1" name="com.questions.Question6" time="0.267" errors="0" timestamp="2025-08-26T16:12:30 IST" skipped="0">
  <testcase classname="com.questions.Question6" name="checkBox" time="0.267"/>
</testsuite> <!-- com.questions.Question6 -->
