<?xml version="1.0" encoding="UTF-8"?>
<!-- Generated by org.testng.reporters.JUnitReportReporter -->
<testsuite hostname="DESKTOP-TLCVSP6" failures="0" tests="3" name="pack1.TC012_TestNG2" time="56.453" errors="0" timestamp="2025-08-20T16:21:48 IST" skipped="0">
  <testcase classname="pack1.TC012_TestNG2" name="f" time="16.345"/>
  <testcase classname="pack1.TC012_TestNG2" name="f" time="16.313"/>
  <testcase classname="pack1.TC012_TestNG2" name="f" time="23.795"/>
</testsuite> <!-- pack1.TC012_TestNG2 -->
