<?xml version="1.0" encoding="UTF-8"?>
<!-- Generated by org.testng.reporters.JUnitReportReporter -->
<testsuite hostname="DESKTOP-TLCVSP6" failures="0" tests="1" name="pack1.Lab9_1_TestNG" time="48.503" errors="0" timestamp="2025-08-19T14:29:46 IST" skipped="0">
  <testcase classname="pack1.Lab9_1_TestNG" name="test1" time="48.503"/>
</testsuite> <!-- pack1.Lab9_1_TestNG -->
