<?xml version="1.0" encoding="UTF-8"?>
<!-- Generated by org.testng.reporters.JUnitReportReporter -->
<testsuite hostname="DESKTOP-TLCVSP6" failures="0" tests="1" name="com.questions.Question7" time="0.384" errors="0" timestamp="2025-08-26T16:20:58 IST" skipped="0">
  <testcase classname="com.questions.Question7" name="extractTableData" time="0.384"/>
</testsuite> <!-- com.questions.Question7 -->
