<?xml version="1.0" encoding="UTF-8"?>
<!-- Generated by org.testng.reporters.JUnitReportReporter -->
<testsuite hostname="DESKTOP-TLCVSP6" failures="0" tests="1" name="com.questions.Question1" time="0.078" errors="0" timestamp="2025-08-26T12:01:50 IST" skipped="0">
  <testcase classname="com.questions.Question1" name="titleOfPage" time="0.078"/>
</testsuite> <!-- com.questions.Question1 -->
