<?xml version="1.0" encoding="UTF-8"?>
<!-- Generated by org.testng.reporters.JUnitReportReporter -->
<testsuite hostname="DESKTOP-TLCVSP6" failures="0" tests="3" name="pack1.TC013_TestNG" time="68.144" errors="0" timestamp="2025-08-19T11:05:16 IST" skipped="0">
  <testcase classname="pack1.TC013_TestNG" name="test2" time="48.686"/>
  <testcase classname="pack1.TC013_TestNG" name="test3" time="10.601"/>
  <testcase classname="pack1.TC013_TestNG" name="test1" time="8.857"/>
</testsuite> <!-- pack1.TC013_TestNG -->
