<?xml version="1.0" encoding="UTF-8"?>
<!-- Generated by org.testng.reporters.JUnitReportReporter -->
<testsuite hostname="DESKTOP-TLCVSP6" failures="0" tests="1" name="com.questions.Question3" time="18.445" errors="0" timestamp="2025-08-26T12:52:46 IST" skipped="0">
  <testcase classname="com.questions.Question3" name="searchLaptop" time="18.445"/>
</testsuite> <!-- com.questions.Question3 -->
