<?xml version="1.0" encoding="UTF-8"?>
<!-- Generated by org.testng.reporters.JUnitReportReporter -->
<testsuite hostname="DESKTOP-TLCVSP6" failures="0" tests="2" name="pack1.Lab15_CSVFile" time="14.699" errors="0" timestamp="2025-08-23T08:11:13 IST" skipped="0">
  <testcase classname="pack1.Lab15_CSVFile" name="f" time="6.569"/>
  <testcase classname="pack1.Lab15_CSVFile" name="f" time="8.130"/>
</testsuite> <!-- pack1.Lab15_CSVFile -->
