<?xml version="1.0" encoding="UTF-8"?>
<!-- Generated by org.testng.reporters.JUnitReportReporter -->
<testsuite hostname="DESKTOP-TLCVSP6" failures="0" tests="2" name="pack1.Lab11_TestCase" time="33.537" errors="0" timestamp="2025-08-20T11:48:46 IST" skipped="0">
  <testcase classname="pack1.Lab11_TestCase" name="testAutomationPracticeLoginPage" time="6.358"/>
  <testcase classname="pack1.Lab11_TestCase" name="testAmazonHomePageLinks" time="27.179"/>
</testsuite> <!-- pack1.Lab11_TestCase -->
