<?xml version="1.0" encoding="UTF-8"?>
<!-- Generated by org.testng.reporters.JUnitReportReporter -->
<testsuite hostname="DESKTOP-TLCVSP6" failures="0" tests="1" name="pack1.TC014_TestNG" time="19.463" errors="0" timestamp="2025-08-19T10:30:46 IST" skipped="0">
  <testcase classname="pack1.TC014_TestNG" name="test2" time="19.463"/>
</testsuite> <!-- pack1.TC014_TestNG -->
