<?xml version="1.0" encoding="UTF-8"?>
<!-- Generated by org.testng.reporters.JUnitReportReporter -->
<testsuite hostname="DESKTOP-TLCVSP6" failures="0" tests="1" name="com.questions.Question9" time="0.926" errors="0" timestamp="2025-08-26T16:37:46 IST" skipped="0">
  <testcase classname="com.questions.Question9" name="captureScreenshot" time="0.926"/>
</testsuite> <!-- com.questions.Question9 -->
