<?xml version="1.0" encoding="UTF-8"?>
<!-- Generated by org.testng.reporters.JUnitReportReporter -->
<testsuite hostname="DESKTOP-TLCVSP6" failures="0" tests="1" name="com.questions.Question8" time="0.570" errors="0" timestamp="2025-08-26T16:35:01 IST" skipped="0">
  <testcase classname="com.questions.Question8" name="windoHandles" time="0.570"/>
</testsuite> <!-- com.questions.Question8 -->
