<?xml version="1.0" encoding="UTF-8"?>
<!-- Generated by org.testng.reporters.JUnitReportReporter -->
<testsuite hostname="DESKTOP-TLCVSP6" failures="0" tests="3" name="pack1.TC014_TestNG2" time="59.375" errors="0" timestamp="2025-08-21T12:13:09 IST" skipped="0">
  <testcase classname="pack1.TC014_TestNG2" name="f" time="23.820"/>
  <testcase classname="pack1.TC014_TestNG2" name="f" time="17.028"/>
  <testcase classname="pack1.TC014_TestNG2" name="f" time="18.527"/>
</testsuite> <!-- pack1.TC014_TestNG2 -->
