<?xml version="1.0" encoding="UTF-8"?>
<!-- Generated by org.testng.reporters.JUnitReportReporter -->
<testsuite hostname="DESKTOP-TLCVSP6" failures="0" tests="1" name="pack1.Lab12_4PropertiesFile" time="16.568" errors="0" timestamp="2025-08-23T08:00:30 IST" skipped="0">
  <testcase classname="pack1.Lab12_4PropertiesFile" name="f" time="16.568"/>
</testsuite> <!-- pack1.Lab12_4PropertiesFile -->
