<?xml version="1.0" encoding="UTF-8"?>
<!-- Generated by org.testng.reporters.JUnitReportReporter -->
<testsuite hostname="DESKTOP-TLCVSP6" failures="0" tests="2" name="pack1.TC012_TestNG" time="36.522" errors="0" timestamp="2025-08-20T09:34:57 IST" skipped="0">
  <testcase classname="pack1.TC012_TestNG" name="f" time="26.010"/>
  <testcase classname="pack1.TC012_TestNG" name="f" time="10.512"/>
</testsuite> <!-- pack1.TC012_TestNG -->
