<?xml version="1.0" encoding="UTF-8"?>
<!-- Generated by org.testng.reporters.JUnitReportReporter -->
<testsuite hostname="DESKTOP-TLCVSP6" failures="0" tests="2" name="pack1.Lab8_3TestNg" time="20.634" errors="0" timestamp="2025-08-19T07:43:30 IST" skipped="0">
  <testcase classname="pack1.Lab8_3TestNg" name="f" time="11.087"/>
  <testcase classname="pack1.Lab8_3TestNg" name="f" time="9.547"/>
</testsuite> <!-- pack1.Lab8_3TestNg -->
